<?xml version="1.0" encoding="UTF-8"?>
<!-- Generated by org.testng.reporters.JUnitReportReporter -->
<testsuite hostname="DESKTOP-IPRTR4S" failures="0" tests="4" name="demoTestng.Threeclass" time="0.036" errors="0" timestamp="2022-08-02T17:39:21 IST" skipped="0">
  <testcase classname="demoTestng.Threeclass" name="bfive" time="0.002"/>
  <system-out/>
  <testcase classname="demoTestng.Threeclass" name="csix" time="0.004"/>
  <system-out/>
  <testcase classname="demoTestng.Threeclass" name="four" time="0.016"/>
  <system-out/>
  <testcase classname="demoTestng.Threeclass" name="amethodthree" time="0.014"/>
  <system-out/>
</testsuite> <!-- demoTestng.Threeclass -->
