<?xml version="1.0" encoding="UTF-8"?>
<!-- Generated by org.testng.reporters.JUnitReportReporter -->
<testsuite hostname="DESKTOP-IPRTR4S" failures="0" tests="2" name="mavenprojectdemo.Testng_1" time="0.030" errors="0" timestamp="2022-08-02T16:22:24 IST" skipped="0">
  <testcase classname="mavenprojectdemo.Testng_1" name="methodOne" time="0.024"/>
  <system-out/>
  <testcase classname="mavenprojectdemo.Testng_1" name="methodOne" time="0.006"/>
  <system-out/>
</testsuite> <!-- mavenprojectdemo.Testng_1 -->
