<?xml version="1.0" encoding="UTF-8"?>
<!-- Generated by org.testng.reporters.JUnitReportReporter -->
<testsuite hostname="DESKTOP-IPRTR4S" failures="0" tests="1" name="tpack.Oneclass" time="0.015" errors="0" timestamp="2022-08-02T17:14:47 IST" skipped="0">
  <testcase classname="tpack.Oneclass" name="methodOne" time="0.015"/>
  <system-out/>
</testsuite> <!-- tpack.Oneclass -->
