<?xml version="1.0" encoding="UTF-8"?>
<!-- Generated by org.testng.reporters.JUnitReportReporter -->
<testsuite hostname="DESKTOP-IPRTR4S" failures="0" tests="3" name="demoTestng.TEsetNG_one" time="0.013" errors="0" timestamp="2022-08-02T16:22:24 IST" skipped="0">
  <testcase classname="demoTestng.TEsetNG_one" name="register" time="0.005"/>
  <system-out/>
  <testcase classname="demoTestng.TEsetNG_one" name="login" time="0.006"/>
  <system-out/>
  <testcase classname="demoTestng.TEsetNG_one" name="homepage" time="0.002"/>
  <system-out/>
</testsuite> <!-- demoTestng.TEsetNG_one -->
