<?xml version="1.0" encoding="UTF-8"?>
<!-- Generated by org.testng.reporters.JUnitReportReporter -->
<testsuite hostname="DESKTOP-IPRTR4S" failures="0" tests="1" name="mavenprojectdemo.Twoclass" time="15.236" errors="0" timestamp="2022-08-03T16:26:08 IST" skipped="0">
  <testcase classname="mavenprojectdemo.Twoclass" name="methodtwo" time="15.236"/>
  <system-out/>
</testsuite> <!-- mavenprojectdemo.Twoclass -->
