<?xml version="1.0" encoding="UTF-8"?>
<!-- Generated by org.testng.reporters.JUnitReportReporter -->
<testsuite hostname="DESKTOP-IPRTR4S" failures="0" tests="4" name="demoTestng.Annotationsss" time="11.548" errors="0" timestamp="2022-08-02T16:22:24 IST" skipped="0">
  <testcase classname="demoTestng.Annotationsss" name="methodOne" time="3.136"/>
  <system-out/>
  <testcase classname="demoTestng.Annotationsss" name="methodTwo" time="2.383"/>
  <system-out/>
  <testcase classname="demoTestng.Annotationsss" name="methodOne" time="3.622"/>
  <system-out/>
  <testcase classname="demoTestng.Annotationsss" name="methodTwo" time="2.407"/>
  <system-out/>
</testsuite> <!-- demoTestng.Annotationsss -->
