<?xml version="1.0" encoding="UTF-8"?>
<!-- Generated by org.testng.reporters.JUnitReportReporter -->
<testsuite hostname="DESKTOP-IPRTR4S" failures="0" tests="2" name="tpack.Fourclass" time="31.236" errors="0" timestamp="2022-08-03T16:26:08 IST" skipped="0">
  <testcase classname="tpack.Fourclass" name="methodfive" time="14.507"/>
  <system-out/>
  <testcase classname="tpack.Fourclass" name="methodsix" time="16.729"/>
  <system-out/>
</testsuite> <!-- tpack.Fourclass -->
