<?xml version="1.0" encoding="UTF-8"?>
<!-- Generated by org.testng.reporters.JUnitReportReporter -->
<testsuite hostname="DESKTOP-IPRTR4S" failures="0" tests="3" name="demoTestng.DatadriventestNG" time="0.021" errors="0" timestamp="2022-08-03T16:23:06 IST" skipped="0">
  <testcase classname="demoTestng.DatadriventestNG" name="flipkart" time="0.002"/>
  <system-out/>
  <testcase classname="demoTestng.DatadriventestNG" name="flipkart" time="0.017"/>
  <system-out/>
  <testcase classname="demoTestng.DatadriventestNG" name="flipkart" time="0.002"/>
  <system-out/>
</testsuite> <!-- demoTestng.DatadriventestNG -->
